2025-06-05T18:38:41.474Z [info]: Connected to MongoDB
2025-06-05T18:55:58.651Z [info]: Connected to MongoDB
2025-06-17T18:35:02.344Z [info]: Connected to MongoDB
2025-06-17T19:05:46.507Z [info]: Connected to MongoDB
2025-06-18T12:27:36.147Z [info]: Connected to MongoDB
2025-06-18T15:47:42.831Z [info]: Connected to MongoDB
2025-06-19T11:09:06.889Z [info]: Connected to MongoDB
2025-06-19T11:19:53.105Z [info]: Connected to MongoDB
2025-06-19T11:24:08.149Z [info]: Connected to MongoDB
2025-06-19T11:35:56.568Z [info]: Connected to MongoDB
2025-06-19T13:02:42.417Z [info]: Connected to MongoDB
2025-06-19T13:18:46.576Z [info]: Connected to MongoDB
2025-06-19T13:19:03.566Z [info]: POST /api/donation
2025-06-19T13:23:22.655Z [info]: GET /api/donation
2025-06-19T13:23:30.527Z [info]: GET /api/donation
2025-06-19T13:23:38.523Z [info]: GET /api/donation
2025-06-19T13:23:50.253Z [info]: GET /api/donation
2025-06-19T13:40:49.993Z [info]: POST /api/donation
2025-06-19T13:41:17.767Z [info]: POST /api/donation
2025-06-19T13:44:14.241Z [info]: POST /api/donation
2025-06-19T13:44:33.308Z [info]: POST /api/donation
2025-06-19T13:45:01.363Z [info]: POST /api/donation
2025-06-19T13:45:02.332Z [info]: POST /api/donation
2025-06-19T13:46:52.171Z [info]: POST /api/donation
2025-06-19T13:46:52.956Z [info]: POST /api/donation
2025-06-19T13:46:53.436Z [info]: POST /api/donation
2025-06-19T13:46:53.838Z [info]: POST /api/donation
2025-06-19T14:11:47.689Z [info]: POST /api/donation
2025-06-19T14:12:26.645Z [info]: POST /api/donation
2025-06-19T14:18:44.407Z [info]: POST /api/donation
2025-06-19T14:19:00.736Z [info]: POST /api/donation
2025-06-19T14:19:01.273Z [info]: POST /api/donation
2025-06-19T14:19:01.538Z [info]: POST /api/donation
2025-06-19T14:20:17.321Z [info]: POST /api/donation
2025-06-19T14:20:17.983Z [info]: POST /api/donation
2025-06-19T14:20:18.248Z [info]: POST /api/donation
2025-06-19T14:20:18.454Z [info]: POST /api/donation
2025-06-19T14:20:18.656Z [info]: POST /api/donation
2025-06-19T14:21:55.682Z [info]: Connected to MongoDB
2025-06-19T14:21:58.437Z [info]: POST /api/donation
2025-06-19T14:38:31.900Z [info]: POST /api/donation
2025-06-19T14:39:52.397Z [info]: POST /api/donation
2025-06-19T14:52:01.165Z [info]: Connected to MongoDB
2025-06-19T14:57:21.128Z [error]: MongoDB connection error: bad auth : authentication failed
2025-06-19T14:57:35.747Z [info]: Connected to MongoDB
2025-06-19T14:57:47.372Z [info]: POST /api/donation
2025-06-19T14:58:15.322Z [info]: POST /api/donation
2025-06-20T10:46:01.876Z [info]: Connected to MongoDB
2025-06-20T11:00:31.103Z [info]: Connected to MongoDB
2025-06-20T11:15:13.425Z [info]: Connected to MongoDB
2025-06-20T11:16:15.830Z [info]: POST /api/donation
2025-06-20T11:25:48.408Z [error]: Error: Bad control character in string literal in JSON at position 105 (line 6 column 26)
2025-06-20T11:28:49.519Z [error]: MongoDB connection error: bad auth : authentication failed
